<!--LOGHEADER[START]/-->
<!--HELP[Manual modification of the header may cause parsing problem!]/-->
<!--LOGGINGVERSION[2.0.7.1006]/-->
<!--NAME[D:/Portal SAP/workspace\log\deploy_%g.log]/-->
<!--PATTERN[deploy_%g.log]/-->
<!--FORMATTER[com.sap.tc.logging.TraceFormatter(%25d[%6s]:%m)]/-->
<!--ENCODING[UTF8]/-->
<!--FILESET[0, 5, 2097152]/-->
<!--PREVIOUSFILE[deploy_4.log]/-->
<!--NEXTFILE[deploy_1.log]/-->
<!--LOGHEADER[END]/-->
Oct 30, 2015 1:03:50 PM  [Path  ]: [#0]: The Log was reinitialized with [com.sap.tc.logging.Category@e88fdf] [com.sap.tc.logging.Location@3dac34].
Oct 30, 2015 1:03:50 PM  [Info  ]: [#0]: Will try to connect []:[-1]
Oct 30, 2015 1:03:54 PM  [Info  ]: [#0]: Connected to []:[-1]
Oct 30, 2015 1:03:56 PM  [Error ]: [#0]: All Items Already Deployed Validation Exception during deployment phase [AllItemsAlreadyDeployedValidationException],cause=[ASJ.dpl_dc.003456 All batch items are marked as AlreadyDeployed because of Version check.]
Oct 30, 2015 1:03:56 PM  [Error ]: [#0]: Deployment Items status: [
----- Sorted Items -----
----- Deployment Items -----
	1. Client path 'C:\Users\RAMON~1.EST\AppData\Local\Temp\.sap\SDA\com.sap.portal.runtime.dispatcher.war'
		Deploy status is 'AlreadyDeployed'
		Description:'1. Already deployed component has version:42'.
		SDA : name 'com.sap.portal.runtime.dispatcher', vendor 'JavaEE', location 'Deployment Manager', version '42', software type ('single-module', sub type 'war'), csn component '', dependencies :[none]

]
Oct 30, 2015 1:04:01 PM  [Path  ]: [#1]: The Log was reinitialized with [com.sap.tc.logging.Category@e88fdf] [com.sap.tc.logging.Location@3dac34].
Oct 30, 2015 1:04:01 PM  [Info  ]: [#1]: Will try to connect []:[-1]
Oct 30, 2015 1:04:01 PM  [Info  ]: [#1]: Connected to []:[-1]
Oct 30, 2015 1:04:21 PM  [Path  ]: [#2]: The Log was reinitialized with [com.sap.tc.logging.Category@e88fdf] [com.sap.tc.logging.Location@3dac34].
Oct 30, 2015 1:04:21 PM  [Info  ]: [#2]: Will try to connect []:[-1]
Oct 30, 2015 1:04:22 PM  [Info  ]: [#2]: Connected to []:[-1]
Oct 30, 2015 1:04:31 PM  [Info  ]: [#2]: Deployment of [name: 'com.sap.portal.runtime.dispatcher', vendor: 'JavaEE' (sda)] finished.
Oct 30, 2015 1:04:32 PM  [Info  ]: [#2]: +++ Deployment of session ID [1225] finished with status [Warning] +++. [[ deployerId=2 ]] [[#11: 8.071 sec]] [
===== Summary - Deploy Result - Start =====
------------------------
Type | Status  : Count
------------------------
 > SCA(s)
 > SDA(s)
   - [Warning] : [1]
------------------------
------------------------
Type | Status  : Id
------------------------
 > SCA(s)
 > SDA(s)
   - [Warning] : name: 'com.sap.portal.runtime.dispatcher', vendor: 'JavaEE', 
------------------------
===== Summary - Deploy Result - End =====
]
Oct 30, 2015 1:06:05 PM  [Path  ]: [#3]: The Log was reinitialized with [com.sap.tc.logging.Category@e88fdf] [com.sap.tc.logging.Location@3dac34].
Oct 30, 2015 1:06:05 PM  [Info  ]: [#3]: Will try to connect []:[-1]
Oct 30, 2015 1:06:06 PM  [Info  ]: [#3]: Connected to []:[-1]
Nov 27, 2015 9:45:16 AM  [Path  ]: [#0]: The Log was reinitialized with [com.sap.tc.logging.Category@60492a] [com.sap.tc.logging.Location@1638fac].
Nov 27, 2015 9:45:16 AM  [Info  ]: [#0]: Will try to connect []:[-1]
Nov 27, 2015 9:45:22 AM  [Info  ]: [#0]: Connected to []:[-1]
Nov 27, 2015 9:45:59 AM  [Info  ]: [#0]: Deployment of [name: 'com.sap.portal.navigation.newmasthead', vendor: 'JavaEE' (sda)] finished.
Nov 27, 2015 9:46:00 AM  [Info  ]: [#0]: +++ Deployment of session ID [1226] finished with status [Success] +++. [[ deployerId=1 ]] [[#4: 34.843 sec]] [
===== Summary - Deploy Result - Start =====
------------------------
Type | Status  : Count
------------------------
 > SCA(s)
 > SDA(s)
   - [Success] : [1]
------------------------
------------------------
Type | Status  : Id
------------------------
 > SCA(s)
 > SDA(s)
   - [Success] : name: 'com.sap.portal.navigation.newmasthead', vendor: 'JavaEE', 
------------------------
===== Summary - Deploy Result - End =====
]
Nov 27, 2015 9:46:03 AM  [Path  ]: [#1]: The Log was reinitialized with [com.sap.tc.logging.Category@60492a] [com.sap.tc.logging.Location@1638fac].
Nov 27, 2015 9:46:03 AM  [Info  ]: [#1]: Will try to connect []:[-1]
Nov 27, 2015 9:46:03 AM  [Info  ]: [#1]: Connected to []:[-1]
